<?xml version="1.0" encoding="UTF-8"?>
<testng-results ignored="0" total="0" passed="0" failed="0" skipped="0">
  <reporter-output>
  </reporter-output>
  <suite started-at="2022-08-19T17:30:05 MDT" name="Surefire suite" finished-at="2022-08-19T17:30:12 MDT" duration-ms="6623">
    <groups>
    </groups>
    <test started-at="2022-08-19T17:30:05 MDT" name="Surefire test" finished-at="2022-08-19T17:30:12 MDT" duration-ms="6623">
    </test> <!-- Surefire test -->
  </suite> <!-- Surefire suite -->
</testng-results>
